<?xml version="1.0" encoding="UTF-8"?>
<!-- Generated by org.testng.reporters.JUnitReportReporter -->
<testsuite skipped="0" hostname="hiteshs-MacBook-Pro.local" name="desktopapp.BuildboxProject" tests="5" failures="0" timestamp="03 Feb 2018 12:32:37 GMT" time="123.996" errors="0">
  <testcase name="launch_application" time="9.104" classname="desktopapp.BuildboxProject"/>
  <testcase name="welc_screen_verify" time="5.313" classname="desktopapp.BuildboxProject"/>
  <testcase name="clickable_link" time="46.356" classname="desktopapp.BuildboxProject"/>
  <testcase name="verify_browser_title" time="62.425" classname="desktopapp.BuildboxProject"/>
  <testcase name="simple_demo_element" time="0.798" classname="desktopapp.BuildboxProject"/>
</testsuite> <!-- desktopapp.BuildboxProject -->
