<?xml version="1.0" encoding="UTF-8"?>
<!-- Generated by org.testng.reporters.JUnitReportReporter -->
<testsuite skipped="0" hostname="hiteshs-MacBook-Pro.local" name="desktopapp.BuildboxProject" tests="5" failures="0" timestamp="03 Feb 2018 11:34:48 GMT" time="183.213" errors="0">
  <testcase name="launch_application" time="9.337" classname="desktopapp.BuildboxProject"/>
  <testcase name="welc_screen_verify" time="6.147" classname="desktopapp.BuildboxProject"/>
  <testcase name="clickable_link" time="46.450" classname="desktopapp.BuildboxProject"/>
  <testcase name="verify_browser_title" time="121.276" classname="desktopapp.BuildboxProject"/>
  <testcase name="simple_demo_element" time="0.003" classname="desktopapp.BuildboxProject"/>
</testsuite> <!-- desktopapp.BuildboxProject -->
