<?xml version="1.0" encoding="UTF-8"?>
<!-- Generated by org.testng.reporters.JUnitReportReporter -->
<testsuite skipped="0" hostname="hiteshs-MacBook-Pro.local" name="desktopapp.Buildbox" tests="1" failures="0" timestamp="01 Feb 2018 05:34:21 GMT" time="77.864" errors="0">
  <testcase name="deskto_app" time="77.864" classname="desktopapp.Buildbox"/>
</testsuite> <!-- desktopapp.Buildbox -->
