<?xml version="1.0" encoding="UTF-8"?>
<!-- Generated by org.testng.reporters.JUnitReportReporter -->
<testsuite skipped="0" hostname="amw-g1" name="desktopapp.AutoIt_Buildbox_app" tests="1" failures="0" timestamp="25 Jan 2018 10:35:13 GMT" time="11.068" errors="0">
  <testcase name="windows_app" time="11.068" classname="desktopapp.AutoIt_Buildbox_app"/>
</testsuite> <!-- desktopapp.AutoIt_Buildbox_app -->
