<?xml version="1.0" encoding="UTF-8"?>
<!-- Generated by org.testng.reporters.JUnitReportReporter -->
<testsuite skipped="0" hostname="hiteshs-MacBook-Pro.local" name="desktopapp.Buildbox" tests="1" failures="0" timestamp="02 Feb 2018 08:35:15 GMT" time="84.273" errors="0">
  <testcase name="deskto_app" time="84.273" classname="desktopapp.Buildbox"/>
</testsuite> <!-- desktopapp.Buildbox -->
